{"timestamp": "08:49:01,891", "pid": 2690817, "operation": "ADD_CUSTOMER_START", "details": "Intentando agregar nuevo cliente: Juan P\u00e9rez (juan@example.com)", "status": "info"}
{"timestamp": "08:49:01,961", "pid": 2690817, "operation": "ADD_CUSTOMER_SUCCESS", "details": "Nuevo cliente creado: Juan P\u00e9rez (ID: 493b403c-dba8-42a4-920d-ba9c15c356e8)", "status": "success"}
{"timestamp": "08:49:01,988", "pid": 2690817, "operation": "ADD_CUSTOMER_START", "details": "Intentando agregar nuevo cliente: Mar\u00eda Garc\u00eda (maria@example.com)", "status": "info"}
{"timestamp": "08:49:02,034", "pid": 2690817, "operation": "ADD_CUSTOMER_SUCCESS", "details": "Nuevo cliente creado: Mar\u00eda Garc\u00eda (ID: ad5c1c9b-1076-412b-aca3-a69d06117dd4)", "status": "success"}
{"timestamp": "08:49:02,101", "pid": 2690817, "operation": "ADD_ACCOUNT_START", "details": "Creando nueva cuenta para cliente 493b403c-dba8-42a4-920d-ba9c15c356e8", "status": "info"}
{"timestamp": "08:49:02,221", "pid": 2690817, "operation": "ADD_ACCOUNT_SUCCESS", "details": "Nueva cuenta creada: 6199429756 con saldo inicial $1000.00", "status": "success"}
{"timestamp": "08:49:02,253", "pid": 2690817, "operation": "ADD_ACCOUNT_START", "details": "Creando nueva cuenta para cliente 493b403c-dba8-42a4-920d-ba9c15c356e8", "status": "info"}
{"timestamp": "08:49:02,360", "pid": 2690817, "operation": "ADD_ACCOUNT_SUCCESS", "details": "Nueva cuenta creada: 3197459370 con saldo inicial $500.00", "status": "success"}
{"timestamp": "08:49:02,394", "pid": 2690817, "operation": "ADD_ACCOUNT_START", "details": "Creando nueva cuenta para cliente ad5c1c9b-1076-412b-aca3-a69d06117dd4", "status": "info"}
{"timestamp": "08:49:02,518", "pid": 2690817, "operation": "ADD_ACCOUNT_SUCCESS", "details": "Nueva cuenta creada: 7610594967 con saldo inicial $2000.00", "status": "success"}
{"timestamp": "08:49:02,552", "pid": 2690817, "operation": "ISSUE_DEBIT_CARD_START", "details": "Emisi\u00f3n de tarjeta d\u00e9bito para cuenta 6199429756", "status": "info"}
{"timestamp": "08:49:02,621", "pid": 2690817, "operation": "ISSUE_DEBIT_CARD_SUCCESS", "details": "Tarjeta d\u00e9bito emitida: 4974650315740307 (Tipo: NORMAL)", "status": "success"}
{"timestamp": "08:49:02,652", "pid": 2690817, "operation": "ISSUE_DEBIT_CARD_START", "details": "Emisi\u00f3n de tarjeta d\u00e9bito para cuenta 3197459370", "status": "info"}
{"timestamp": "08:49:02,733", "pid": 2690817, "operation": "ISSUE_DEBIT_CARD_SUCCESS", "details": "Tarjeta d\u00e9bito emitida: 5198525152621056 (Tipo: GOLD)", "status": "success"}
{"timestamp": "08:49:02,764", "pid": 2690817, "operation": "ISSUE_CREDIT_CARD_START", "details": "Emisi\u00f3n de tarjeta cr\u00e9dito para cliente 493b403c-dba8-42a4-920d-ba9c15c356e8", "status": "info"}
{"timestamp": "08:49:02,839", "pid": 2690817, "operation": "ISSUE_CREDIT_CARD_SUCCESS", "details": "Tarjeta cr\u00e9dito emitida: 5224838314326597 (L\u00edmite: $50000.00)", "status": "success"}
{"timestamp": "08:49:03,121", "pid": 2690817, "operation": "TRANSFER_INITIATED", "details": "Transfer initiated: $15.13 from 6199... to 3197...", "status": "info"}
{"timestamp": "08:49:03,162", "pid": 2690817, "operation": "TRANSFER_COMPLETED", "details": "Transfer successful. New balances: 6199...=$984.87, 3197...=$530.26", "status": "success"}
{"timestamp": "08:49:03,211", "pid": 2690817, "operation": "TRANSACTION_HISTORY_REQUEST", "details": "Requesting transaction history for 7610594967 (last 10 transactions)", "status": "info"}
{"timestamp": "08:49:03,253", "pid": 2690817, "operation": "TRANSACTION_HISTORY_RETURNED", "details": "Found 0 transactions", "status": "success"}
{"timestamp": "08:49:03,386", "pid": 2690817, "operation": "TRANSACTION_HISTORY_REQUEST", "details": "Requesting transaction history for 7610594967 (last 10 transactions)", "status": "info"}
{"timestamp": "08:49:03,425", "pid": 2690817, "operation": "TRANSACTION_HISTORY_RETURNED", "details": "Found 0 transactions", "status": "success"}
{"timestamp": "08:49:03,439", "pid": 2690817, "operation": "CREDIT_PAYMENT_START", "details": "Procesando pago de $63.93 a tarjeta 5224838314326597", "status": "info"}
{"timestamp": "08:49:03,529", "pid": 2690817, "operation": "DEPOSIT_INITIATED", "details": "Attempting to deposit $62.34 to 6199429756", "status": "info"}
{"timestamp": "08:49:03,569", "pid": 2690817, "operation": "DEPOSIT_COMPLETED", "details": "Deposit successful. New balance: $1045.62", "status": "success"}
{"timestamp": "08:49:03,604", "pid": 2690817, "operation": "CREDIT_PAYMENT_SUCCESS", "details": "Pago aplicado a tarjeta 5224838314326597. Nuevo saldo: $0.00", "status": "success"}
{"timestamp": "08:49:03,646", "pid": 2690817, "operation": "DEPOSIT_INITIATED", "details": "Attempting to deposit $24.95 to 7610594967", "status": "info"}
{"timestamp": "08:49:03,688", "pid": 2690817, "operation": "DEPOSIT_COMPLETED", "details": "Deposit successful. New balance: $2049.89", "status": "success"}
{"timestamp": "08:49:03,983", "pid": 2690817, "operation": "CREDIT_PAYMENT_START", "details": "Procesando pago de $32.06 a tarjeta 5224838314326597", "status": "info"}
{"timestamp": "08:49:03,983", "pid": 2690817, "operation": "BALANCE_REQUEST", "details": "Requesting balance for 6199429756", "status": "info"}
{"timestamp": "08:49:04,095", "pid": 2690817, "operation": "BALANCE_RETURNED", "details": "Balance retrieved: $1013.56", "status": "success"}
{"timestamp": "08:49:04,130", "pid": 2690817, "operation": "CREDIT_PAYMENT_SUCCESS", "details": "Pago aplicado a tarjeta 5224838314326597. Nuevo saldo: $0.00", "status": "success"}
{"timestamp": "08:49:04,151", "pid": 2690817, "operation": "DEPOSIT_INITIATED", "details": "Attempting to deposit $86.99 to 7610594967", "status": "info"}
{"timestamp": "08:49:04,207", "pid": 2690817, "operation": "DEPOSIT_COMPLETED", "details": "Deposit successful. New balance: $2223.86", "status": "success"}
{"timestamp": "08:49:04,504", "pid": 2690817, "operation": "BALANCE_REQUEST", "details": "Requesting balance for 7610594967", "status": "info"}
{"timestamp": "08:49:04,531", "pid": 2690817, "operation": "WITHDRAWAL_INITIATED", "details": "Attempting to withdraw $22.28 from 6199429756", "status": "info"}
{"timestamp": "08:49:04,552", "pid": 2690817, "operation": "BALANCE_RETURNED", "details": "Balance retrieved: $2223.86", "status": "success"}
{"timestamp": "08:49:04,598", "pid": 2690817, "operation": "WITHDRAWAL_COMPLETED", "details": "Withdrawal successful. New balance: $969.00", "status": "success"}
{"timestamp": "08:49:04,753", "pid": 2690817, "operation": "CREDIT_PAYMENT_START", "details": "Procesando pago de $17.20 a tarjeta 5224838314326597", "status": "info"}
{"timestamp": "08:49:04,801", "pid": 2690817, "operation": "CREDIT_CASH_PAYMENT", "details": "Pago en efectivo registrado: $17.20", "status": "info"}
{"timestamp": "08:49:04,837", "pid": 2690817, "operation": "CREDIT_PAYMENT_SUCCESS", "details": "Pago aplicado a tarjeta 5224838314326597. Nuevo saldo: $0.00", "status": "success"}
{"timestamp": "08:49:05,119", "pid": 2690817, "operation": "TRANSACTION_HISTORY_REQUEST", "details": "Requesting transaction history for 6199429756 (last 10 transactions)", "status": "info"}
{"timestamp": "08:49:05,157", "pid": 2690817, "operation": "TRANSACTION_HISTORY_RETURNED", "details": "Found 5 transactions", "status": "success"}
{"timestamp": "08:49:05,181", "pid": 2690817, "operation": "BLOCK_CARD_START", "details": "Intentando bloquear tarjeta 4974650315740307", "status": "warning"}
{"timestamp": "08:49:05,220", "pid": 2690817, "operation": "BLOCK_CARD_SUCCESS", "details": "Tarjeta 4974650315740307 bloqueada exitosamente", "status": "warning"}
{"timestamp": "08:49:05,241", "pid": 2690817, "operation": "ACCOUNT_STATEMENT_START", "details": "Generando estado de cuenta para 6199429756 (\u00faltimos 30 d\u00edas)", "status": "info"}
{"timestamp": "08:49:05,292", "pid": 2690817, "operation": "STATEMENT_GENERATED", "details": "Estado de cuenta generado para 6199429756", "status": "success"}
{"timestamp": "08:49:05,316", "pid": 2690817, "operation": "MONTHLY_INTEREST_START", "details": "Aplicando intereses mensuales a tarjetas de cr\u00e9dito", "status": "info"}
{"timestamp": "08:49:05,351", "pid": 2690817, "operation": "MONTHLY_INTEREST_COMPLETE", "details": "Intereses aplicados a 0 tarjetas. Total: $0.00", "status": "success"}
