{"timestamp": "18:17:38,354", "pid": 1262728, "operation": "DISPATCHER_STATUS", "details": "Clientes en cola: 0, Procesos activos: 0", "status": "debug"}
{"timestamp": "18:17:38,355", "pid": 1262727, "operation": "ADD_CUSTOMER_START", "details": "Iniciando ADD CUSTOMER", "status": "info"}
{"timestamp": "18:17:38,357", "pid": 1262730, "operation": "DISPATCHER_STATUS", "details": "Clientes en cola: 0, Procesos activos: 0", "status": "debug"}
{"timestamp": "18:17:38,429", "pid": 1262727, "operation": "ADD_CUSTOMER_SUCCESS", "details": "Operaci\u00f3n completada en 0.07s", "status": "success"}
{"timestamp": "18:17:38,476", "pid": 1262728, "operation": "DISPATCHING_OPERATIONS", "details": "Iniciando operaciones para cliente 6db4156b-4bc5-4f91-ad19-79d2ae9dcc56", "status": "info"}
{"timestamp": "18:17:38,476", "pid": 1262727, "operation": "CUSTOMER_ADDED_TO_QUEUE", "details": "Cliente 6db4156b-4bc5-4f91-ad19-79d2ae9dcc56 a\u00f1adido a cola (Tama\u00f1o: 0)", "status": "debug"}
{"timestamp": "18:17:38,480", "pid": 1262728, "operation": "DISPATCHER_ERROR", "details": "daemonic processes are not allowed to have children", "status": "error"}
{"timestamp": "18:17:38,491", "pid": 1262728, "operation": "DISPATCHER_STATUS", "details": "Clientes en cola: 0, Procesos activos: 0", "status": "debug"}
{"timestamp": "18:17:38,514", "pid": 1262727, "operation": "ADD_CUSTOMER_START", "details": "Iniciando ADD CUSTOMER", "status": "info"}
{"timestamp": "18:17:38,583", "pid": 1262727, "operation": "ADD_CUSTOMER_SUCCESS", "details": "Operaci\u00f3n completada en 0.07s", "status": "success"}
{"timestamp": "18:17:38,617", "pid": 1262730, "operation": "DISPATCHING_OPERATIONS", "details": "Iniciando operaciones para cliente 4c7d2744-13ee-421b-8485-e82c8c3a0068", "status": "info"}
{"timestamp": "18:17:38,617", "pid": 1262727, "operation": "CUSTOMER_ADDED_TO_QUEUE", "details": "Cliente 4c7d2744-13ee-421b-8485-e82c8c3a0068 a\u00f1adido a cola (Tama\u00f1o: 0)", "status": "debug"}
{"timestamp": "18:17:38,622", "pid": 1262730, "operation": "DISPATCHER_ERROR", "details": "daemonic processes are not allowed to have children", "status": "error"}
{"timestamp": "18:17:38,631", "pid": 1262730, "operation": "DISPATCHER_STATUS", "details": "Clientes en cola: 0, Procesos activos: 0", "status": "debug"}
{"timestamp": "18:17:38,667", "pid": 1262727, "operation": "ADD_CUSTOMER_START", "details": "Iniciando ADD CUSTOMER", "status": "info"}
{"timestamp": "18:17:38,732", "pid": 1262727, "operation": "ADD_CUSTOMER_SUCCESS", "details": "Operaci\u00f3n completada en 0.06s", "status": "success"}
{"timestamp": "18:17:38,766", "pid": 1262728, "operation": "DISPATCHING_OPERATIONS", "details": "Iniciando operaciones para cliente 9adfdaa8-f230-435d-b0c2-9e4201c193cd", "status": "info"}
{"timestamp": "18:17:38,766", "pid": 1262727, "operation": "CUSTOMER_ADDED_TO_QUEUE", "details": "Cliente 9adfdaa8-f230-435d-b0c2-9e4201c193cd a\u00f1adido a cola (Tama\u00f1o: 0)", "status": "debug"}
{"timestamp": "18:17:38,770", "pid": 1262728, "operation": "DISPATCHER_ERROR", "details": "daemonic processes are not allowed to have children", "status": "error"}
{"timestamp": "18:17:38,780", "pid": 1262728, "operation": "DISPATCHER_STATUS", "details": "Clientes en cola: 0, Procesos activos: 0", "status": "debug"}
{"timestamp": "18:17:38,820", "pid": 1262727, "operation": "ADD_CUSTOMER_START", "details": "Iniciando ADD CUSTOMER", "status": "info"}
{"timestamp": "18:17:38,881", "pid": 1262727, "operation": "ADD_CUSTOMER_SUCCESS", "details": "Operaci\u00f3n completada en 0.06s", "status": "success"}
{"timestamp": "18:17:38,914", "pid": 1262730, "operation": "DISPATCHING_OPERATIONS", "details": "Iniciando operaciones para cliente 428568cf-481b-4cb6-988f-f526e2a12d94", "status": "info"}
{"timestamp": "18:17:38,914", "pid": 1262727, "operation": "CUSTOMER_ADDED_TO_QUEUE", "details": "Cliente 428568cf-481b-4cb6-988f-f526e2a12d94 a\u00f1adido a cola (Tama\u00f1o: 0)", "status": "debug"}
{"timestamp": "18:17:38,919", "pid": 1262730, "operation": "DISPATCHER_ERROR", "details": "daemonic processes are not allowed to have children", "status": "error"}
{"timestamp": "18:17:38,928", "pid": 1262730, "operation": "DISPATCHER_STATUS", "details": "Clientes en cola: 0, Procesos activos: 0", "status": "debug"}
{"timestamp": "18:17:38,930", "pid": 1262727, "operation": "ADD_CUSTOMER_START", "details": "Iniciando ADD CUSTOMER", "status": "info"}
{"timestamp": "18:17:39,003", "pid": 1262727, "operation": "ADD_CUSTOMER_SUCCESS", "details": "Operaci\u00f3n completada en 0.07s", "status": "success"}
{"timestamp": "18:17:39,039", "pid": 1262728, "operation": "DISPATCHING_OPERATIONS", "details": "Iniciando operaciones para cliente a5f85d6d-a1c8-4b05-8bb6-af4e2f359db6", "status": "info"}
{"timestamp": "18:17:39,039", "pid": 1262727, "operation": "CUSTOMER_ADDED_TO_QUEUE", "details": "Cliente a5f85d6d-a1c8-4b05-8bb6-af4e2f359db6 a\u00f1adido a cola (Tama\u00f1o: 0)", "status": "debug"}
{"timestamp": "18:17:39,044", "pid": 1262728, "operation": "DISPATCHER_ERROR", "details": "daemonic processes are not allowed to have children", "status": "error"}
{"timestamp": "18:17:39,054", "pid": 1262728, "operation": "DISPATCHER_STATUS", "details": "Clientes en cola: 0, Procesos activos: 0", "status": "debug"}
{"timestamp": "18:17:39,090", "pid": 1262727, "operation": "ADD_CUSTOMER_START", "details": "Iniciando ADD CUSTOMER", "status": "info"}
{"timestamp": "18:17:39,162", "pid": 1262727, "operation": "ADD_CUSTOMER_SUCCESS", "details": "Operaci\u00f3n completada en 0.07s", "status": "success"}
{"timestamp": "18:17:39,199", "pid": 1262730, "operation": "DISPATCHING_OPERATIONS", "details": "Iniciando operaciones para cliente 5e3712de-202f-4743-bd0e-2d2defce5eac", "status": "info"}
{"timestamp": "18:17:39,199", "pid": 1262727, "operation": "CUSTOMER_ADDED_TO_QUEUE", "details": "Cliente 5e3712de-202f-4743-bd0e-2d2defce5eac a\u00f1adido a cola (Tama\u00f1o: 0)", "status": "debug"}
{"timestamp": "18:17:39,203", "pid": 1262730, "operation": "DISPATCHER_ERROR", "details": "daemonic processes are not allowed to have children", "status": "error"}
{"timestamp": "18:17:39,213", "pid": 1262730, "operation": "DISPATCHER_STATUS", "details": "Clientes en cola: 0, Procesos activos: 0", "status": "debug"}
{"timestamp": "18:17:39,237", "pid": 1262727, "operation": "ADD_CUSTOMER_START", "details": "Iniciando ADD CUSTOMER", "status": "info"}
{"timestamp": "18:17:39,305", "pid": 1262727, "operation": "ADD_CUSTOMER_SUCCESS", "details": "Operaci\u00f3n completada en 0.07s", "status": "success"}
{"timestamp": "18:17:39,339", "pid": 1262728, "operation": "DISPATCHING_OPERATIONS", "details": "Iniciando operaciones para cliente 146a0e67-3216-4909-a52b-2c69e3ddaf82", "status": "info"}
{"timestamp": "18:17:39,339", "pid": 1262727, "operation": "CUSTOMER_ADDED_TO_QUEUE", "details": "Cliente 146a0e67-3216-4909-a52b-2c69e3ddaf82 a\u00f1adido a cola (Tama\u00f1o: 0)", "status": "debug"}
{"timestamp": "18:17:39,344", "pid": 1262728, "operation": "DISPATCHER_ERROR", "details": "daemonic processes are not allowed to have children", "status": "error"}
{"timestamp": "18:17:39,353", "pid": 1262728, "operation": "DISPATCHER_STATUS", "details": "Clientes en cola: 0, Procesos activos: 0", "status": "debug"}
{"timestamp": "18:17:39,393", "pid": 1262727, "operation": "ADD_CUSTOMER_START", "details": "Iniciando ADD CUSTOMER", "status": "info"}
{"timestamp": "18:17:39,457", "pid": 1262727, "operation": "ADD_CUSTOMER_SUCCESS", "details": "Operaci\u00f3n completada en 0.06s", "status": "success"}
{"timestamp": "18:17:39,492", "pid": 1262730, "operation": "DISPATCHING_OPERATIONS", "details": "Iniciando operaciones para cliente ff788d2d-5d09-43b9-bf8b-50f327d1a527", "status": "info"}
{"timestamp": "18:17:39,492", "pid": 1262727, "operation": "CUSTOMER_ADDED_TO_QUEUE", "details": "Cliente ff788d2d-5d09-43b9-bf8b-50f327d1a527 a\u00f1adido a cola (Tama\u00f1o: 0)", "status": "debug"}
{"timestamp": "18:17:39,496", "pid": 1262730, "operation": "DISPATCHER_ERROR", "details": "daemonic processes are not allowed to have children", "status": "error"}
{"timestamp": "18:17:39,504", "pid": 1262730, "operation": "DISPATCHER_STATUS", "details": "Clientes en cola: 0, Procesos activos: 0", "status": "debug"}
{"timestamp": "18:17:39,525", "pid": 1262727, "operation": "ADD_CUSTOMER_START", "details": "Iniciando ADD CUSTOMER", "status": "info"}
{"timestamp": "18:17:39,589", "pid": 1262727, "operation": "ADD_CUSTOMER_SUCCESS", "details": "Operaci\u00f3n completada en 0.06s", "status": "success"}
{"timestamp": "18:17:39,623", "pid": 1262728, "operation": "DISPATCHING_OPERATIONS", "details": "Iniciando operaciones para cliente 70513d98-4074-400e-9f94-533974c0762a", "status": "info"}
{"timestamp": "18:17:39,623", "pid": 1262727, "operation": "CUSTOMER_ADDED_TO_QUEUE", "details": "Cliente 70513d98-4074-400e-9f94-533974c0762a a\u00f1adido a cola (Tama\u00f1o: 0)", "status": "debug"}
{"timestamp": "18:17:39,627", "pid": 1262728, "operation": "DISPATCHER_ERROR", "details": "daemonic processes are not allowed to have children", "status": "error"}
{"timestamp": "18:17:39,637", "pid": 1262728, "operation": "DISPATCHER_STATUS", "details": "Clientes en cola: 0, Procesos activos: 0", "status": "debug"}
{"timestamp": "18:17:39,670", "pid": 1262727, "operation": "ADD_CUSTOMER_START", "details": "Iniciando ADD CUSTOMER", "status": "info"}
{"timestamp": "18:17:39,741", "pid": 1262727, "operation": "ADD_CUSTOMER_SUCCESS", "details": "Operaci\u00f3n completada en 0.07s", "status": "success"}
{"timestamp": "18:17:39,782", "pid": 1262730, "operation": "DISPATCHING_OPERATIONS", "details": "Iniciando operaciones para cliente 0a46eeac-2b67-429b-b792-ff3a98c83250", "status": "info"}
{"timestamp": "18:17:39,782", "pid": 1262727, "operation": "CUSTOMER_ADDED_TO_QUEUE", "details": "Cliente 0a46eeac-2b67-429b-b792-ff3a98c83250 a\u00f1adido a cola (Tama\u00f1o: 0)", "status": "debug"}
{"timestamp": "18:17:39,801", "pid": 1262730, "operation": "DISPATCHER_ERROR", "details": "daemonic processes are not allowed to have children", "status": "error"}
{"timestamp": "18:17:39,811", "pid": 1262730, "operation": "DISPATCHER_STATUS", "details": "Clientes en cola: 0, Procesos activos: 0", "status": "debug"}
{"timestamp": "18:17:40,642", "pid": 1262728, "operation": "DISPATCHER_ERROR", "details": "", "status": "error"}
{"timestamp": "18:17:40,648", "pid": 1262728, "operation": "DISPATCHER_STATUS", "details": "Clientes en cola: 0, Procesos activos: 0", "status": "debug"}
{"timestamp": "18:17:40,817", "pid": 1262730, "operation": "DISPATCHER_ERROR", "details": "", "status": "error"}
{"timestamp": "18:17:40,824", "pid": 1262730, "operation": "DISPATCHER_STATUS", "details": "Clientes en cola: 0, Procesos activos: 0", "status": "debug"}
{"timestamp": "18:17:41,653", "pid": 1262728, "operation": "DISPATCHER_ERROR", "details": "", "status": "error"}
{"timestamp": "18:17:41,659", "pid": 1262728, "operation": "DISPATCHER_STATUS", "details": "Clientes en cola: 0, Procesos activos: 0", "status": "debug"}
{"timestamp": "18:17:41,830", "pid": 1262730, "operation": "DISPATCHER_ERROR", "details": "", "status": "error"}
{"timestamp": "18:17:41,836", "pid": 1262730, "operation": "DISPATCHER_STATUS", "details": "Clientes en cola: 0, Procesos activos: 0", "status": "debug"}
{"timestamp": "18:17:42,665", "pid": 1262728, "operation": "DISPATCHER_ERROR", "details": "", "status": "error"}
{"timestamp": "18:17:42,670", "pid": 1262728, "operation": "DISPATCHER_STATUS", "details": "Clientes en cola: 0, Procesos activos: 0", "status": "debug"}
{"timestamp": "18:17:42,841", "pid": 1262730, "operation": "DISPATCHER_ERROR", "details": "", "status": "error"}
{"timestamp": "18:17:42,846", "pid": 1262730, "operation": "DISPATCHER_STATUS", "details": "Clientes en cola: 0, Procesos activos: 0", "status": "debug"}
{"timestamp": "18:17:43,677", "pid": 1262728, "operation": "DISPATCHER_ERROR", "details": "", "status": "error"}
{"timestamp": "18:17:43,684", "pid": 1262728, "operation": "DISPATCHER_STATUS", "details": "Clientes en cola: 0, Procesos activos: 0", "status": "debug"}
{"timestamp": "18:17:43,852", "pid": 1262730, "operation": "DISPATCHER_ERROR", "details": "", "status": "error"}
{"timestamp": "18:17:43,857", "pid": 1262730, "operation": "DISPATCHER_STATUS", "details": "Clientes en cola: 0, Procesos activos: 0", "status": "debug"}
{"timestamp": "18:17:44,691", "pid": 1262728, "operation": "DISPATCHER_ERROR", "details": "", "status": "error"}
{"timestamp": "18:17:44,703", "pid": 1262728, "operation": "DISPATCHER_STATUS", "details": "Clientes en cola: 0, Procesos activos: 0", "status": "debug"}
{"timestamp": "18:17:44,862", "pid": 1262730, "operation": "DISPATCHER_ERROR", "details": "", "status": "error"}
{"timestamp": "18:17:44,868", "pid": 1262730, "operation": "DISPATCHER_STATUS", "details": "Clientes en cola: 0, Procesos activos: 0", "status": "debug"}
{"timestamp": "18:17:45,709", "pid": 1262728, "operation": "DISPATCHER_ERROR", "details": "", "status": "error"}
{"timestamp": "18:17:45,716", "pid": 1262728, "operation": "DISPATCHER_STATUS", "details": "Clientes en cola: 0, Procesos activos: 0", "status": "debug"}
{"timestamp": "18:17:45,873", "pid": 1262730, "operation": "DISPATCHER_ERROR", "details": "", "status": "error"}
{"timestamp": "18:17:45,880", "pid": 1262730, "operation": "DISPATCHER_STATUS", "details": "Clientes en cola: 0, Procesos activos: 0", "status": "debug"}
{"timestamp": "18:17:46,721", "pid": 1262728, "operation": "DISPATCHER_ERROR", "details": "", "status": "error"}
{"timestamp": "18:17:46,727", "pid": 1262728, "operation": "DISPATCHER_STATUS", "details": "Clientes en cola: 0, Procesos activos: 0", "status": "debug"}
{"timestamp": "18:17:46,887", "pid": 1262730, "operation": "DISPATCHER_ERROR", "details": "", "status": "error"}
{"timestamp": "18:17:46,893", "pid": 1262730, "operation": "DISPATCHER_STATUS", "details": "Clientes en cola: 0, Procesos activos: 0", "status": "debug"}
{"timestamp": "18:17:47,732", "pid": 1262728, "operation": "DISPATCHER_ERROR", "details": "", "status": "error"}
{"timestamp": "18:17:47,737", "pid": 1262728, "operation": "DISPATCHER_STATUS", "details": "Clientes en cola: 0, Procesos activos: 0", "status": "debug"}
{"timestamp": "18:17:47,900", "pid": 1262730, "operation": "DISPATCHER_ERROR", "details": "", "status": "error"}
{"timestamp": "18:17:47,905", "pid": 1262730, "operation": "DISPATCHER_STATUS", "details": "Clientes en cola: 0, Procesos activos: 0", "status": "debug"}
{"timestamp": "18:17:48,743", "pid": 1262728, "operation": "DISPATCHER_ERROR", "details": "", "status": "error"}
{"timestamp": "18:17:48,748", "pid": 1262728, "operation": "DISPATCHER_STATUS", "details": "Clientes en cola: 0, Procesos activos: 0", "status": "debug"}
{"timestamp": "18:17:48,911", "pid": 1262730, "operation": "DISPATCHER_ERROR", "details": "", "status": "error"}
{"timestamp": "18:17:48,916", "pid": 1262730, "operation": "DISPATCHER_STATUS", "details": "Clientes en cola: 0, Procesos activos: 0", "status": "debug"}
{"timestamp": "18:17:49,753", "pid": 1262728, "operation": "DISPATCHER_ERROR", "details": "", "status": "error"}
{"timestamp": "18:17:49,759", "pid": 1262728, "operation": "DISPATCHER_STATUS", "details": "Clientes en cola: 0, Procesos activos: 0", "status": "debug"}
{"timestamp": "18:17:49,921", "pid": 1262730, "operation": "DISPATCHER_ERROR", "details": "", "status": "error"}
{"timestamp": "18:17:49,926", "pid": 1262730, "operation": "DISPATCHER_STATUS", "details": "Clientes en cola: 0, Procesos activos: 0", "status": "debug"}
{"timestamp": "18:17:50,765", "pid": 1262728, "operation": "DISPATCHER_ERROR", "details": "", "status": "error"}
{"timestamp": "18:17:50,772", "pid": 1262728, "operation": "DISPATCHER_STATUS", "details": "Clientes en cola: 0, Procesos activos: 0", "status": "debug"}
{"timestamp": "18:17:50,932", "pid": 1262730, "operation": "DISPATCHER_ERROR", "details": "", "status": "error"}
{"timestamp": "18:17:50,937", "pid": 1262730, "operation": "DISPATCHER_STATUS", "details": "Clientes en cola: 0, Procesos activos: 0", "status": "debug"}
{"timestamp": "18:17:51,779", "pid": 1262728, "operation": "DISPATCHER_ERROR", "details": "", "status": "error"}
{"timestamp": "18:17:51,785", "pid": 1262728, "operation": "DISPATCHER_STATUS", "details": "Clientes en cola: 0, Procesos activos: 0", "status": "debug"}
{"timestamp": "18:17:51,943", "pid": 1262730, "operation": "DISPATCHER_ERROR", "details": "", "status": "error"}
{"timestamp": "18:17:51,949", "pid": 1262730, "operation": "DISPATCHER_STATUS", "details": "Clientes en cola: 0, Procesos activos: 0", "status": "debug"}
{"timestamp": "18:17:52,790", "pid": 1262728, "operation": "DISPATCHER_ERROR", "details": "", "status": "error"}
{"timestamp": "18:17:52,796", "pid": 1262728, "operation": "DISPATCHER_STATUS", "details": "Clientes en cola: 0, Procesos activos: 0", "status": "debug"}
{"timestamp": "18:17:52,955", "pid": 1262730, "operation": "DISPATCHER_ERROR", "details": "", "status": "error"}
{"timestamp": "18:17:52,960", "pid": 1262730, "operation": "DISPATCHER_STATUS", "details": "Clientes en cola: 0, Procesos activos: 0", "status": "debug"}
{"timestamp": "18:17:53,802", "pid": 1262728, "operation": "DISPATCHER_ERROR", "details": "", "status": "error"}
{"timestamp": "18:17:53,808", "pid": 1262728, "operation": "DISPATCHER_STATUS", "details": "Clientes en cola: 0, Procesos activos: 0", "status": "debug"}
{"timestamp": "18:17:53,966", "pid": 1262730, "operation": "DISPATCHER_ERROR", "details": "", "status": "error"}
{"timestamp": "18:17:53,972", "pid": 1262730, "operation": "DISPATCHER_STATUS", "details": "Clientes en cola: 0, Procesos activos: 0", "status": "debug"}
{"timestamp": "18:17:54,813", "pid": 1262728, "operation": "DISPATCHER_ERROR", "details": "", "status": "error"}
{"timestamp": "18:17:54,820", "pid": 1262728, "operation": "DISPATCHER_STATUS", "details": "Clientes en cola: 0, Procesos activos: 0", "status": "debug"}
{"timestamp": "18:17:54,977", "pid": 1262730, "operation": "DISPATCHER_ERROR", "details": "", "status": "error"}
{"timestamp": "18:17:54,982", "pid": 1262730, "operation": "DISPATCHER_STATUS", "details": "Clientes en cola: 0, Procesos activos: 0", "status": "debug"}
{"timestamp": "18:17:55,826", "pid": 1262728, "operation": "DISPATCHER_ERROR", "details": "", "status": "error"}
{"timestamp": "18:17:55,832", "pid": 1262728, "operation": "DISPATCHER_STATUS", "details": "Clientes en cola: 0, Procesos activos: 0", "status": "debug"}
{"timestamp": "18:17:55,987", "pid": 1262730, "operation": "DISPATCHER_ERROR", "details": "", "status": "error"}
{"timestamp": "18:17:55,993", "pid": 1262730, "operation": "DISPATCHER_STATUS", "details": "Clientes en cola: 0, Procesos activos: 0", "status": "debug"}
{"timestamp": "18:17:56,891", "pid": 1262728, "operation": "DISPATCHER_ERROR", "details": "", "status": "error"}
{"timestamp": "18:17:56,897", "pid": 1262728, "operation": "DISPATCHER_STATUS", "details": "Clientes en cola: 0, Procesos activos: 0", "status": "debug"}
{"timestamp": "18:17:56,998", "pid": 1262730, "operation": "DISPATCHER_ERROR", "details": "", "status": "error"}
{"timestamp": "18:17:57,003", "pid": 1262730, "operation": "DISPATCHER_STATUS", "details": "Clientes en cola: 0, Procesos activos: 0", "status": "debug"}
{"timestamp": "18:17:57,903", "pid": 1262728, "operation": "DISPATCHER_ERROR", "details": "", "status": "error"}
{"timestamp": "18:17:57,909", "pid": 1262728, "operation": "DISPATCHER_STATUS", "details": "Clientes en cola: 0, Procesos activos: 0", "status": "debug"}
{"timestamp": "18:17:58,008", "pid": 1262730, "operation": "DISPATCHER_ERROR", "details": "", "status": "error"}
{"timestamp": "18:17:58,014", "pid": 1262730, "operation": "DISPATCHER_STATUS", "details": "Clientes en cola: 0, Procesos activos: 0", "status": "debug"}
{"timestamp": "18:17:58,915", "pid": 1262728, "operation": "DISPATCHER_ERROR", "details": "", "status": "error"}
{"timestamp": "18:17:58,921", "pid": 1262728, "operation": "DISPATCHER_STATUS", "details": "Clientes en cola: 0, Procesos activos: 0", "status": "debug"}
{"timestamp": "18:17:59,020", "pid": 1262730, "operation": "DISPATCHER_ERROR", "details": "", "status": "error"}
{"timestamp": "18:17:59,079", "pid": 1262730, "operation": "DISPATCHER_STATUS", "details": "Clientes en cola: 0, Procesos activos: 0", "status": "debug"}
{"timestamp": "18:18:00,502", "pid": 1262728, "operation": "DISPATCHER_ERROR", "details": "", "status": "error"}
{"timestamp": "18:18:00,508", "pid": 1262728, "operation": "DISPATCHER_STATUS", "details": "Clientes en cola: 0, Procesos activos: 0", "status": "debug"}
{"timestamp": "18:18:00,700", "pid": 1262730, "operation": "DISPATCHER_ERROR", "details": "", "status": "error"}
{"timestamp": "18:18:00,795", "pid": 1262730, "operation": "DISPATCHER_STATUS", "details": "Clientes en cola: 0, Procesos activos: 0", "status": "debug"}
{"timestamp": "18:18:01,513", "pid": 1262728, "operation": "DISPATCHER_ERROR", "details": "", "status": "error"}
{"timestamp": "18:18:01,518", "pid": 1262728, "operation": "DISPATCHER_STATUS", "details": "Clientes en cola: 0, Procesos activos: 0", "status": "debug"}
{"timestamp": "18:18:01,865", "pid": 1262730, "operation": "DISPATCHER_ERROR", "details": "", "status": "error"}
{"timestamp": "18:18:01,895", "pid": 1262730, "operation": "DISPATCHER_STATUS", "details": "Clientes en cola: 0, Procesos activos: 0", "status": "debug"}
{"timestamp": "18:18:02,524", "pid": 1262728, "operation": "DISPATCHER_ERROR", "details": "", "status": "error"}
{"timestamp": "18:18:02,530", "pid": 1262728, "operation": "DISPATCHER_STATUS", "details": "Clientes en cola: 0, Procesos activos: 0", "status": "debug"}
{"timestamp": "18:18:02,966", "pid": 1262730, "operation": "DISPATCHER_ERROR", "details": "", "status": "error"}
{"timestamp": "18:18:02,972", "pid": 1262730, "operation": "DISPATCHER_STATUS", "details": "Clientes en cola: 0, Procesos activos: 0", "status": "debug"}
{"timestamp": "18:18:03,536", "pid": 1262728, "operation": "DISPATCHER_ERROR", "details": "", "status": "error"}
{"timestamp": "18:18:03,541", "pid": 1262728, "operation": "DISPATCHER_STATUS", "details": "Clientes en cola: 0, Procesos activos: 0", "status": "debug"}
{"timestamp": "18:18:03,978", "pid": 1262730, "operation": "DISPATCHER_ERROR", "details": "", "status": "error"}
{"timestamp": "18:18:03,992", "pid": 1262730, "operation": "DISPATCHER_STATUS", "details": "Clientes en cola: 0, Procesos activos: 0", "status": "debug"}
{"timestamp": "18:18:04,547", "pid": 1262728, "operation": "DISPATCHER_ERROR", "details": "", "status": "error"}
{"timestamp": "18:18:04,553", "pid": 1262728, "operation": "DISPATCHER_STATUS", "details": "Clientes en cola: 0, Procesos activos: 0", "status": "debug"}
{"timestamp": "18:18:05,009", "pid": 1262730, "operation": "DISPATCHER_ERROR", "details": "", "status": "error"}
{"timestamp": "18:18:05,015", "pid": 1262730, "operation": "DISPATCHER_STATUS", "details": "Clientes en cola: 0, Procesos activos: 0", "status": "debug"}
{"timestamp": "18:18:05,558", "pid": 1262728, "operation": "DISPATCHER_ERROR", "details": "", "status": "error"}
{"timestamp": "18:18:05,566", "pid": 1262728, "operation": "DISPATCHER_STATUS", "details": "Clientes en cola: 0, Procesos activos: 0", "status": "debug"}
{"timestamp": "18:18:06,021", "pid": 1262730, "operation": "DISPATCHER_ERROR", "details": "", "status": "error"}
{"timestamp": "18:18:06,027", "pid": 1262730, "operation": "DISPATCHER_STATUS", "details": "Clientes en cola: 0, Procesos activos: 0", "status": "debug"}
{"timestamp": "18:18:06,572", "pid": 1262728, "operation": "DISPATCHER_ERROR", "details": "", "status": "error"}
{"timestamp": "18:18:06,577", "pid": 1262728, "operation": "DISPATCHER_STATUS", "details": "Clientes en cola: 0, Procesos activos: 0", "status": "debug"}
{"timestamp": "18:18:07,032", "pid": 1262730, "operation": "DISPATCHER_ERROR", "details": "", "status": "error"}
{"timestamp": "18:18:07,038", "pid": 1262730, "operation": "DISPATCHER_STATUS", "details": "Clientes en cola: 0, Procesos activos: 0", "status": "debug"}
{"timestamp": "18:18:07,583", "pid": 1262728, "operation": "DISPATCHER_ERROR", "details": "", "status": "error"}
{"timestamp": "18:18:07,588", "pid": 1262728, "operation": "DISPATCHER_STATUS", "details": "Clientes en cola: 0, Procesos activos: 0", "status": "debug"}
{"timestamp": "18:18:08,043", "pid": 1262730, "operation": "DISPATCHER_ERROR", "details": "", "status": "error"}
{"timestamp": "18:18:08,052", "pid": 1262730, "operation": "DISPATCHER_STATUS", "details": "Clientes en cola: 0, Procesos activos: 0", "status": "debug"}
{"timestamp": "18:18:08,594", "pid": 1262728, "operation": "DISPATCHER_ERROR", "details": "", "status": "error"}
{"timestamp": "18:18:08,599", "pid": 1262728, "operation": "DISPATCHER_STATUS", "details": "Clientes en cola: 0, Procesos activos: 0", "status": "debug"}
{"timestamp": "18:18:09,061", "pid": 1262730, "operation": "DISPATCHER_ERROR", "details": "", "status": "error"}
{"timestamp": "18:18:09,606", "pid": 1262728, "operation": "DISPATCHER_ERROR", "details": "", "status": "error"}
