{"timestamp": "07:54:34,192", "pid": 2411138, "operation": "ADD_CUSTOMER_START", "details": "Intentando agregar nuevo cliente: Juan P\u00e9rez (juan@example.com)", "status": "info"}
{"timestamp": "07:54:34,246", "pid": 2411138, "operation": "ADD_CUSTOMER_SUCCESS", "details": "Nuevo cliente creado: Juan P\u00e9rez (ID: 76e99376-0548-4733-a709-679ac21b30a7)", "status": "success"}
{"timestamp": "07:54:34,269", "pid": 2411138, "operation": "ADD_CUSTOMER_START", "details": "Intentando agregar nuevo cliente: Mar\u00eda Garc\u00eda (maria@example.com)", "status": "info"}
{"timestamp": "07:54:34,310", "pid": 2411138, "operation": "ADD_CUSTOMER_SUCCESS", "details": "Nuevo cliente creado: Mar\u00eda Garc\u00eda (ID: 685df336-cc99-4c47-a113-c377225d8990)", "status": "success"}
{"timestamp": "07:54:34,338", "pid": 2411138, "operation": "ADD_ACCOUNT_START", "details": "Creando nueva cuenta para cliente 76e99376-0548-4733-a709-679ac21b30a7", "status": "info"}
{"timestamp": "07:54:34,445", "pid": 2411138, "operation": "ADD_ACCOUNT_SUCCESS", "details": "Nueva cuenta creada: 6340207155 con saldo inicial $1000.00", "status": "success"}
{"timestamp": "07:54:34,489", "pid": 2411138, "operation": "ADD_ACCOUNT_START", "details": "Creando nueva cuenta para cliente 76e99376-0548-4733-a709-679ac21b30a7", "status": "info"}
{"timestamp": "07:54:34,604", "pid": 2411138, "operation": "ADD_ACCOUNT_SUCCESS", "details": "Nueva cuenta creada: 2249170473 con saldo inicial $500.00", "status": "success"}
{"timestamp": "07:54:34,636", "pid": 2411138, "operation": "ADD_ACCOUNT_START", "details": "Creando nueva cuenta para cliente 685df336-cc99-4c47-a113-c377225d8990", "status": "info"}
{"timestamp": "07:54:34,755", "pid": 2411138, "operation": "ADD_ACCOUNT_SUCCESS", "details": "Nueva cuenta creada: 5524765681 con saldo inicial $2000.00", "status": "success"}
{"timestamp": "07:54:34,793", "pid": 2411138, "operation": "ISSUE_DEBIT_CARD_START", "details": "Emisi\u00f3n de tarjeta d\u00e9bito para cuenta 6340207155", "status": "info"}
{"timestamp": "07:54:34,876", "pid": 2411138, "operation": "ISSUE_DEBIT_CARD_SUCCESS", "details": "Tarjeta d\u00e9bito emitida: 4520270706946927 (Tipo: NORMAL)", "status": "success"}
{"timestamp": "07:54:34,915", "pid": 2411138, "operation": "ISSUE_DEBIT_CARD_START", "details": "Emisi\u00f3n de tarjeta d\u00e9bito para cuenta 2249170473", "status": "info"}
{"timestamp": "07:54:34,997", "pid": 2411138, "operation": "ISSUE_DEBIT_CARD_SUCCESS", "details": "Tarjeta d\u00e9bito emitida: 5123462116399224 (Tipo: GOLD)", "status": "success"}
{"timestamp": "07:54:35,028", "pid": 2411138, "operation": "ISSUE_CREDIT_CARD_START", "details": "Emisi\u00f3n de tarjeta cr\u00e9dito para cliente 76e99376-0548-4733-a709-679ac21b30a7", "status": "info"}
{"timestamp": "07:54:35,101", "pid": 2411138, "operation": "ISSUE_CREDIT_CARD_SUCCESS", "details": "Tarjeta cr\u00e9dito emitida: 5209468567367215 (L\u00edmite: $50000.00)", "status": "success"}
{"timestamp": "07:54:35,384", "pid": 2411138, "operation": "WITHDRAWAL_INITIATED", "details": "Attempting to withdraw $34.08 from 6340207155", "status": "info"}
{"timestamp": "07:54:35,444", "pid": 2411138, "operation": "WITHDRAWAL_COMPLETED", "details": "Withdrawal successful. New balance: $931.83", "status": "success"}
{"timestamp": "07:54:35,586", "pid": 2411138, "operation": "BALANCE_REQUEST", "details": "Requesting balance for 5524765681", "status": "info"}
{"timestamp": "07:54:35,631", "pid": 2411138, "operation": "BALANCE_RETURNED", "details": "Balance retrieved: $2000.00", "status": "success"}
{"timestamp": "07:54:35,682", "pid": 2411138, "operation": "TRANSFER_INITIATED", "details": "Transfer initiated: $17.14 from 6340... to 2249...", "status": "info"}
{"timestamp": "07:54:35,720", "pid": 2411138, "operation": "TRANSFER_COMPLETED", "details": "Transfer successful. New balances: 6340...=$914.70, 2249...=$534.27", "status": "success"}
{"timestamp": "07:54:35,948", "pid": 2411138, "operation": "DEPOSIT_INITIATED", "details": "Attempting to deposit $20.75 to 6340207155", "status": "info"}
{"timestamp": "07:54:35,992", "pid": 2411138, "operation": "DEPOSIT_COMPLETED", "details": "Deposit successful. New balance: $956.20", "status": "success"}
{"timestamp": "07:54:36,099", "pid": 2411138, "operation": "BALANCE_REQUEST", "details": "Requesting balance for 5524765681", "status": "info"}
{"timestamp": "07:54:36,117", "pid": 2411138, "operation": "CREDIT_PAYMENT_START", "details": "Procesando pago de $77.08 a tarjeta 5209468567367215", "status": "info"}
{"timestamp": "07:54:36,147", "pid": 2411138, "operation": "BALANCE_RETURNED", "details": "Balance retrieved: $2000.00", "status": "success"}
{"timestamp": "07:54:36,289", "pid": 2411138, "operation": "CREDIT_PAYMENT_SUCCESS", "details": "Pago aplicado a tarjeta 5209468567367215. Nuevo saldo: $0.00", "status": "success"}
{"timestamp": "07:54:36,509", "pid": 2411138, "operation": "TRANSACTION_HISTORY_REQUEST", "details": "Requesting transaction history for 6340207155 (last 10 transactions)", "status": "info"}
{"timestamp": "07:54:36,599", "pid": 2411138, "operation": "TRANSACTION_HISTORY_RETURNED", "details": "Found 4 transactions", "status": "success"}
{"timestamp": "07:54:36,718", "pid": 2411138, "operation": "TRANSACTION_HISTORY_REQUEST", "details": "Requesting transaction history for 5524765681 (last 10 transactions)", "status": "info"}
{"timestamp": "07:54:36,755", "pid": 2411138, "operation": "TRANSACTION_HISTORY_RETURNED", "details": "Found 0 transactions", "status": "success"}
{"timestamp": "07:54:36,887", "pid": 2411138, "operation": "DEPOSIT_INITIATED", "details": "Attempting to deposit $36.38 to 6340207155", "status": "info"}
{"timestamp": "07:54:36,924", "pid": 2411138, "operation": "DEPOSIT_COMPLETED", "details": "Deposit successful. New balance: $951.87", "status": "success"}
{"timestamp": "07:54:37,078", "pid": 2411138, "operation": "CREDIT_PAYMENT_START", "details": "Procesando pago de $19.25 a tarjeta 5209468567367215", "status": "info"}
{"timestamp": "07:54:37,116", "pid": 2411138, "operation": "CREDIT_CASH_PAYMENT", "details": "Pago en efectivo registrado: $19.25", "status": "info"}
{"timestamp": "07:54:37,154", "pid": 2411138, "operation": "CREDIT_PAYMENT_SUCCESS", "details": "Pago aplicado a tarjeta 5209468567367215. Nuevo saldo: $0.00", "status": "success"}
{"timestamp": "07:54:37,240", "pid": 2411138, "operation": "DEPOSIT_INITIATED", "details": "Attempting to deposit $97.60 to 5524765681", "status": "info"}
{"timestamp": "07:54:37,289", "pid": 2411138, "operation": "DEPOSIT_COMPLETED", "details": "Deposit successful. New balance: $2195.19", "status": "success"}
{"timestamp": "07:54:37,740", "pid": 2411138, "operation": "BALANCE_REQUEST", "details": "Requesting balance for 5524765681", "status": "info"}
{"timestamp": "07:54:37,782", "pid": 2411138, "operation": "BALANCE_RETURNED", "details": "Balance retrieved: $2195.19", "status": "success"}
{"timestamp": "07:54:37,876", "pid": 2411138, "operation": "CREDIT_PAYMENT_START", "details": "Procesando pago de $24.12 a tarjeta 5209468567367215", "status": "info"}
{"timestamp": "07:54:37,917", "pid": 2411138, "operation": "CREDIT_CASH_PAYMENT", "details": "Pago en efectivo registrado: $24.12", "status": "info"}
{"timestamp": "07:54:37,955", "pid": 2411138, "operation": "CREDIT_PAYMENT_SUCCESS", "details": "Pago aplicado a tarjeta 5209468567367215. Nuevo saldo: $0.00", "status": "success"}
{"timestamp": "07:54:37,988", "pid": 2411138, "operation": "BLOCK_CARD_START", "details": "Intentando bloquear tarjeta 4520270706946927", "status": "warning"}
{"timestamp": "07:54:38,072", "pid": 2411138, "operation": "BLOCK_CARD_SUCCESS", "details": "Tarjeta 4520270706946927 bloqueada exitosamente", "status": "warning"}
{"timestamp": "07:54:38,096", "pid": 2411138, "operation": "ACCOUNT_STATEMENT_START", "details": "Generando estado de cuenta para 6340207155 (\u00faltimos 30 d\u00edas)", "status": "info"}
{"timestamp": "07:54:38,148", "pid": 2411138, "operation": "STATEMENT_GENERATED", "details": "Estado de cuenta generado para 6340207155", "status": "success"}
{"timestamp": "07:54:38,176", "pid": 2411138, "operation": "MONTHLY_INTEREST_START", "details": "Aplicando intereses mensuales a tarjetas de cr\u00e9dito", "status": "info"}
{"timestamp": "07:54:38,221", "pid": 2411138, "operation": "MONTHLY_INTEREST_COMPLETE", "details": "Intereses aplicados a 0 tarjetas. Total: $0.00", "status": "success"}
