{"timestamp": "18:17:15,526", "pid": 1256486, "operation": "ADD_CUSTOMER_START", "details": "Iniciando ADD CUSTOMER", "status": "info"}
{"timestamp": "18:17:15,527", "pid": 1256487, "operation": "DISPATCHER_STATUS", "details": "Clientes en cola: 0, Procesos activos: 0", "status": "debug"}
{"timestamp": "18:17:15,527", "pid": 1256489, "operation": "DISPATCHER_STATUS", "details": "Clientes en cola: 0, Procesos activos: 0", "status": "debug"}
{"timestamp": "18:17:15,597", "pid": 1256486, "operation": "ADD_CUSTOMER_SUCCESS", "details": "Operaci\u00f3n completada en 0.07s", "status": "success"}
{"timestamp": "18:17:15,634", "pid": 1256487, "operation": "DISPATCHING_OPERATIONS", "details": "Iniciando operaciones para cliente c83d4b4e-82a0-47e6-96a3-b492e185f228", "status": "info"}
{"timestamp": "18:17:15,634", "pid": 1256486, "operation": "CUSTOMER_ADDED_TO_QUEUE", "details": "Cliente c83d4b4e-82a0-47e6-96a3-b492e185f228 a\u00f1adido a cola (Tama\u00f1o: 0)", "status": "debug"}
{"timestamp": "18:17:15,639", "pid": 1256487, "operation": "DISPATCHER_ERROR", "details": "daemonic processes are not allowed to have children", "status": "error"}
{"timestamp": "18:17:15,648", "pid": 1256487, "operation": "DISPATCHER_STATUS", "details": "Clientes en cola: 0, Procesos activos: 0", "status": "debug"}
{"timestamp": "18:17:15,690", "pid": 1256486, "operation": "ADD_CUSTOMER_START", "details": "Iniciando ADD CUSTOMER", "status": "info"}
{"timestamp": "18:17:15,755", "pid": 1256486, "operation": "ADD_CUSTOMER_SUCCESS", "details": "Operaci\u00f3n completada en 0.06s", "status": "success"}
{"timestamp": "18:17:15,790", "pid": 1256489, "operation": "DISPATCHING_OPERATIONS", "details": "Iniciando operaciones para cliente 46e26f23-e0a7-4b17-b953-41f1e84d7a96", "status": "info"}
{"timestamp": "18:17:15,790", "pid": 1256486, "operation": "CUSTOMER_ADDED_TO_QUEUE", "details": "Cliente 46e26f23-e0a7-4b17-b953-41f1e84d7a96 a\u00f1adido a cola (Tama\u00f1o: 0)", "status": "debug"}
{"timestamp": "18:17:15,796", "pid": 1256489, "operation": "DISPATCHER_ERROR", "details": "daemonic processes are not allowed to have children", "status": "error"}
{"timestamp": "18:17:15,805", "pid": 1256489, "operation": "DISPATCHER_STATUS", "details": "Clientes en cola: 0, Procesos activos: 0", "status": "debug"}
{"timestamp": "18:17:15,845", "pid": 1256486, "operation": "ADD_CUSTOMER_START", "details": "Iniciando ADD CUSTOMER", "status": "info"}
{"timestamp": "18:17:15,906", "pid": 1256486, "operation": "ADD_CUSTOMER_SUCCESS", "details": "Operaci\u00f3n completada en 0.06s", "status": "success"}
{"timestamp": "18:17:15,939", "pid": 1256487, "operation": "DISPATCHING_OPERATIONS", "details": "Iniciando operaciones para cliente fcf663f1-057f-46ec-b778-26649f8db50e", "status": "info"}
{"timestamp": "18:17:15,939", "pid": 1256486, "operation": "CUSTOMER_ADDED_TO_QUEUE", "details": "Cliente fcf663f1-057f-46ec-b778-26649f8db50e a\u00f1adido a cola (Tama\u00f1o: 0)", "status": "debug"}
{"timestamp": "18:17:15,944", "pid": 1256487, "operation": "DISPATCHER_ERROR", "details": "daemonic processes are not allowed to have children", "status": "error"}
{"timestamp": "18:17:15,952", "pid": 1256487, "operation": "DISPATCHER_STATUS", "details": "Clientes en cola: 0, Procesos activos: 0", "status": "debug"}
{"timestamp": "18:17:15,976", "pid": 1256486, "operation": "ADD_CUSTOMER_START", "details": "Iniciando ADD CUSTOMER", "status": "info"}
{"timestamp": "18:17:16,039", "pid": 1256486, "operation": "ADD_CUSTOMER_SUCCESS", "details": "Operaci\u00f3n completada en 0.06s", "status": "success"}
{"timestamp": "18:17:16,074", "pid": 1256489, "operation": "DISPATCHING_OPERATIONS", "details": "Iniciando operaciones para cliente 655bec74-e3f7-4d13-b37d-8b252f14b635", "status": "info"}
{"timestamp": "18:17:16,074", "pid": 1256486, "operation": "CUSTOMER_ADDED_TO_QUEUE", "details": "Cliente 655bec74-e3f7-4d13-b37d-8b252f14b635 a\u00f1adido a cola (Tama\u00f1o: 0)", "status": "debug"}
{"timestamp": "18:17:16,078", "pid": 1256489, "operation": "DISPATCHER_ERROR", "details": "daemonic processes are not allowed to have children", "status": "error"}
{"timestamp": "18:17:16,087", "pid": 1256489, "operation": "DISPATCHER_STATUS", "details": "Clientes en cola: 0, Procesos activos: 0", "status": "debug"}
{"timestamp": "18:17:16,124", "pid": 1256486, "operation": "ADD_CUSTOMER_START", "details": "Iniciando ADD CUSTOMER", "status": "info"}
{"timestamp": "18:17:16,183", "pid": 1256486, "operation": "ADD_CUSTOMER_SUCCESS", "details": "Operaci\u00f3n completada en 0.06s", "status": "success"}
{"timestamp": "18:17:16,218", "pid": 1256487, "operation": "DISPATCHING_OPERATIONS", "details": "Iniciando operaciones para cliente f6062983-8919-4eac-992a-6c391cbf9869", "status": "info"}
{"timestamp": "18:17:16,219", "pid": 1256486, "operation": "CUSTOMER_ADDED_TO_QUEUE", "details": "Cliente f6062983-8919-4eac-992a-6c391cbf9869 a\u00f1adido a cola (Tama\u00f1o: 0)", "status": "debug"}
{"timestamp": "18:17:16,223", "pid": 1256487, "operation": "DISPATCHER_ERROR", "details": "daemonic processes are not allowed to have children", "status": "error"}
{"timestamp": "18:17:16,232", "pid": 1256487, "operation": "DISPATCHER_STATUS", "details": "Clientes en cola: 0, Procesos activos: 0", "status": "debug"}
{"timestamp": "18:17:16,272", "pid": 1256486, "operation": "ADD_CUSTOMER_START", "details": "Iniciando ADD CUSTOMER", "status": "info"}
{"timestamp": "18:17:16,338", "pid": 1256486, "operation": "ADD_CUSTOMER_SUCCESS", "details": "Operaci\u00f3n completada en 0.07s", "status": "success"}
{"timestamp": "18:17:16,373", "pid": 1256489, "operation": "DISPATCHING_OPERATIONS", "details": "Iniciando operaciones para cliente 9df30b0e-3bb8-422c-99f0-61963c354d8d", "status": "info"}
{"timestamp": "18:17:16,373", "pid": 1256486, "operation": "CUSTOMER_ADDED_TO_QUEUE", "details": "Cliente 9df30b0e-3bb8-422c-99f0-61963c354d8d a\u00f1adido a cola (Tama\u00f1o: 0)", "status": "debug"}
{"timestamp": "18:17:16,378", "pid": 1256489, "operation": "DISPATCHER_ERROR", "details": "daemonic processes are not allowed to have children", "status": "error"}
{"timestamp": "18:17:16,386", "pid": 1256489, "operation": "DISPATCHER_STATUS", "details": "Clientes en cola: 0, Procesos activos: 0", "status": "debug"}
{"timestamp": "18:17:16,431", "pid": 1256486, "operation": "ADD_CUSTOMER_START", "details": "Iniciando ADD CUSTOMER", "status": "info"}
{"timestamp": "18:17:16,493", "pid": 1256486, "operation": "ADD_CUSTOMER_SUCCESS", "details": "Operaci\u00f3n completada en 0.06s", "status": "success"}
{"timestamp": "18:17:16,526", "pid": 1256487, "operation": "DISPATCHING_OPERATIONS", "details": "Iniciando operaciones para cliente c528ae9c-c0d9-4604-97e4-90aab1b240f3", "status": "info"}
{"timestamp": "18:17:16,526", "pid": 1256486, "operation": "CUSTOMER_ADDED_TO_QUEUE", "details": "Cliente c528ae9c-c0d9-4604-97e4-90aab1b240f3 a\u00f1adido a cola (Tama\u00f1o: 0)", "status": "debug"}
{"timestamp": "18:17:16,531", "pid": 1256487, "operation": "DISPATCHER_ERROR", "details": "daemonic processes are not allowed to have children", "status": "error"}
{"timestamp": "18:17:16,540", "pid": 1256487, "operation": "DISPATCHER_STATUS", "details": "Clientes en cola: 0, Procesos activos: 0", "status": "debug"}
{"timestamp": "18:17:16,548", "pid": 1256486, "operation": "ADD_CUSTOMER_START", "details": "Iniciando ADD CUSTOMER", "status": "info"}
{"timestamp": "18:17:16,609", "pid": 1256486, "operation": "ADD_CUSTOMER_SUCCESS", "details": "Operaci\u00f3n completada en 0.06s", "status": "success"}
{"timestamp": "18:17:16,647", "pid": 1256489, "operation": "DISPATCHING_OPERATIONS", "details": "Iniciando operaciones para cliente e6933a38-7fd9-4dc3-8d1b-924b9387b334", "status": "info"}
{"timestamp": "18:17:16,647", "pid": 1256486, "operation": "CUSTOMER_ADDED_TO_QUEUE", "details": "Cliente e6933a38-7fd9-4dc3-8d1b-924b9387b334 a\u00f1adido a cola (Tama\u00f1o: 0)", "status": "debug"}
{"timestamp": "18:17:16,652", "pid": 1256489, "operation": "DISPATCHER_ERROR", "details": "daemonic processes are not allowed to have children", "status": "error"}
{"timestamp": "18:17:16,661", "pid": 1256489, "operation": "DISPATCHER_STATUS", "details": "Clientes en cola: 0, Procesos activos: 0", "status": "debug"}
{"timestamp": "18:17:16,702", "pid": 1256486, "operation": "ADD_CUSTOMER_START", "details": "Iniciando ADD CUSTOMER", "status": "info"}
{"timestamp": "18:17:16,765", "pid": 1256486, "operation": "ADD_CUSTOMER_SUCCESS", "details": "Operaci\u00f3n completada en 0.06s", "status": "success"}
{"timestamp": "18:17:16,801", "pid": 1256487, "operation": "DISPATCHING_OPERATIONS", "details": "Iniciando operaciones para cliente 6765cd66-6a70-40aa-8ca6-3b98b48c2ce5", "status": "info"}
{"timestamp": "18:17:16,801", "pid": 1256486, "operation": "CUSTOMER_ADDED_TO_QUEUE", "details": "Cliente 6765cd66-6a70-40aa-8ca6-3b98b48c2ce5 a\u00f1adido a cola (Tama\u00f1o: 0)", "status": "debug"}
{"timestamp": "18:17:16,806", "pid": 1256487, "operation": "DISPATCHER_ERROR", "details": "daemonic processes are not allowed to have children", "status": "error"}
{"timestamp": "18:17:16,816", "pid": 1256487, "operation": "DISPATCHER_STATUS", "details": "Clientes en cola: 0, Procesos activos: 0", "status": "debug"}
{"timestamp": "18:17:16,849", "pid": 1256486, "operation": "ADD_CUSTOMER_START", "details": "Iniciando ADD CUSTOMER", "status": "info"}
{"timestamp": "18:17:16,912", "pid": 1256486, "operation": "ADD_CUSTOMER_SUCCESS", "details": "Operaci\u00f3n completada en 0.06s", "status": "success"}
{"timestamp": "18:17:16,948", "pid": 1256489, "operation": "DISPATCHING_OPERATIONS", "details": "Iniciando operaciones para cliente d5add513-bb6c-4027-a918-d643748661cb", "status": "info"}
{"timestamp": "18:17:16,948", "pid": 1256486, "operation": "CUSTOMER_ADDED_TO_QUEUE", "details": "Cliente d5add513-bb6c-4027-a918-d643748661cb a\u00f1adido a cola (Tama\u00f1o: 0)", "status": "debug"}
{"timestamp": "18:17:16,952", "pid": 1256489, "operation": "DISPATCHER_ERROR", "details": "daemonic processes are not allowed to have children", "status": "error"}
{"timestamp": "18:17:16,962", "pid": 1256489, "operation": "DISPATCHER_STATUS", "details": "Clientes en cola: 0, Procesos activos: 0", "status": "debug"}
{"timestamp": "18:17:17,821", "pid": 1256487, "operation": "DISPATCHER_ERROR", "details": "", "status": "error"}
{"timestamp": "18:17:17,827", "pid": 1256487, "operation": "DISPATCHER_STATUS", "details": "Clientes en cola: 0, Procesos activos: 0", "status": "debug"}
{"timestamp": "18:17:17,967", "pid": 1256489, "operation": "DISPATCHER_ERROR", "details": "", "status": "error"}
{"timestamp": "18:17:17,973", "pid": 1256489, "operation": "DISPATCHER_STATUS", "details": "Clientes en cola: 0, Procesos activos: 0", "status": "debug"}
{"timestamp": "18:17:18,833", "pid": 1256487, "operation": "DISPATCHER_ERROR", "details": "", "status": "error"}
{"timestamp": "18:17:18,841", "pid": 1256487, "operation": "DISPATCHER_STATUS", "details": "Clientes en cola: 0, Procesos activos: 0", "status": "debug"}
{"timestamp": "18:17:18,979", "pid": 1256489, "operation": "DISPATCHER_ERROR", "details": "", "status": "error"}
{"timestamp": "18:17:18,984", "pid": 1256489, "operation": "DISPATCHER_STATUS", "details": "Clientes en cola: 0, Procesos activos: 0", "status": "debug"}
{"timestamp": "18:17:19,847", "pid": 1256487, "operation": "DISPATCHER_ERROR", "details": "", "status": "error"}
{"timestamp": "18:17:19,854", "pid": 1256487, "operation": "DISPATCHER_STATUS", "details": "Clientes en cola: 0, Procesos activos: 0", "status": "debug"}
{"timestamp": "18:17:19,989", "pid": 1256489, "operation": "DISPATCHER_ERROR", "details": "", "status": "error"}
{"timestamp": "18:17:19,994", "pid": 1256489, "operation": "DISPATCHER_STATUS", "details": "Clientes en cola: 0, Procesos activos: 0", "status": "debug"}
{"timestamp": "18:17:20,860", "pid": 1256487, "operation": "DISPATCHER_ERROR", "details": "", "status": "error"}
{"timestamp": "18:17:20,867", "pid": 1256487, "operation": "DISPATCHER_STATUS", "details": "Clientes en cola: 0, Procesos activos: 0", "status": "debug"}
{"timestamp": "18:17:21,000", "pid": 1256489, "operation": "DISPATCHER_ERROR", "details": "", "status": "error"}
{"timestamp": "18:17:21,007", "pid": 1256489, "operation": "DISPATCHER_STATUS", "details": "Clientes en cola: 0, Procesos activos: 0", "status": "debug"}
{"timestamp": "18:17:21,872", "pid": 1256487, "operation": "DISPATCHER_ERROR", "details": "", "status": "error"}
{"timestamp": "18:17:21,877", "pid": 1256487, "operation": "DISPATCHER_STATUS", "details": "Clientes en cola: 0, Procesos activos: 0", "status": "debug"}
{"timestamp": "18:17:22,015", "pid": 1256489, "operation": "DISPATCHER_ERROR", "details": "", "status": "error"}
{"timestamp": "18:17:22,020", "pid": 1256489, "operation": "DISPATCHER_STATUS", "details": "Clientes en cola: 0, Procesos activos: 0", "status": "debug"}
{"timestamp": "18:17:22,882", "pid": 1256487, "operation": "DISPATCHER_ERROR", "details": "", "status": "error"}
{"timestamp": "18:17:22,889", "pid": 1256487, "operation": "DISPATCHER_STATUS", "details": "Clientes en cola: 0, Procesos activos: 0", "status": "debug"}
{"timestamp": "18:17:23,025", "pid": 1256489, "operation": "DISPATCHER_ERROR", "details": "", "status": "error"}
{"timestamp": "18:17:23,030", "pid": 1256489, "operation": "DISPATCHER_STATUS", "details": "Clientes en cola: 0, Procesos activos: 0", "status": "debug"}
{"timestamp": "18:17:23,895", "pid": 1256487, "operation": "DISPATCHER_ERROR", "details": "", "status": "error"}
{"timestamp": "18:17:23,901", "pid": 1256487, "operation": "DISPATCHER_STATUS", "details": "Clientes en cola: 0, Procesos activos: 0", "status": "debug"}
{"timestamp": "18:17:24,035", "pid": 1256489, "operation": "DISPATCHER_ERROR", "details": "", "status": "error"}
{"timestamp": "18:17:24,041", "pid": 1256489, "operation": "DISPATCHER_STATUS", "details": "Clientes en cola: 0, Procesos activos: 0", "status": "debug"}
