{"timestamp": "20:28:59,772", "pid": 13188, "operation": "ADD_CUSTOMER_START", "details": "Intentando agregar nuevo cliente: Juan P\u00e9rez (juan@example.com)", "status": "info"}
{"timestamp": "20:28:59,795", "pid": 13188, "operation": "ADD_CUSTOMER_SUCCESS", "details": "Nuevo cliente creado: Juan P\u00e9rez (ID: c5609d2f-d331-47ed-8af5-51d2b923efe0)", "status": "success"}
{"timestamp": "20:28:59,808", "pid": 13188, "operation": "ADD_CUSTOMER_START", "details": "Intentando agregar nuevo cliente: Mar\u00eda Garc\u00eda (maria@example.com)", "status": "info"}
{"timestamp": "20:28:59,820", "pid": 13188, "operation": "ADD_CUSTOMER_SUCCESS", "details": "Nuevo cliente creado: Mar\u00eda Garc\u00eda (ID: f9549552-f534-49d5-b09c-5c961e369518)", "status": "success"}
{"timestamp": "20:28:59,844", "pid": 13188, "operation": "ADD_ACCOUNT_START", "details": "Creando nueva cuenta para cliente c5609d2f-d331-47ed-8af5-51d2b923efe0", "status": "info"}
{"timestamp": "20:28:59,862", "pid": 13188, "operation": "ADD_ACCOUNT_SUCCESS", "details": "Nueva cuenta creada: 4993032382 con saldo inicial $1000.00", "status": "success"}
{"timestamp": "20:28:59,869", "pid": 13188, "operation": "ADD_ACCOUNT_START", "details": "Creando nueva cuenta para cliente c5609d2f-d331-47ed-8af5-51d2b923efe0", "status": "info"}
{"timestamp": "20:28:59,889", "pid": 13188, "operation": "ADD_ACCOUNT_SUCCESS", "details": "Nueva cuenta creada: 3276878934 con saldo inicial $500.00", "status": "success"}
{"timestamp": "20:28:59,894", "pid": 13188, "operation": "ADD_ACCOUNT_START", "details": "Creando nueva cuenta para cliente f9549552-f534-49d5-b09c-5c961e369518", "status": "info"}
{"timestamp": "20:28:59,912", "pid": 13188, "operation": "ADD_ACCOUNT_SUCCESS", "details": "Nueva cuenta creada: 2579432226 con saldo inicial $2000.00", "status": "success"}
{"timestamp": "20:28:59,919", "pid": 13188, "operation": "ISSUE_DEBIT_CARD_START", "details": "Emisi\u00f3n de tarjeta d\u00e9bito para cuenta 4993032382", "status": "info"}
{"timestamp": "20:28:59,939", "pid": 13188, "operation": "ISSUE_DEBIT_CARD_SUCCESS", "details": "Tarjeta d\u00e9bito emitida: 4898681739116416 (Tipo: NORMAL)", "status": "success"}
{"timestamp": "20:28:59,945", "pid": 13188, "operation": "ISSUE_DEBIT_CARD_START", "details": "Emisi\u00f3n de tarjeta d\u00e9bito para cuenta 3276878934", "status": "info"}
{"timestamp": "20:28:59,961", "pid": 13188, "operation": "ISSUE_DEBIT_CARD_SUCCESS", "details": "Tarjeta d\u00e9bito emitida: 5131031968375828 (Tipo: GOLD)", "status": "success"}
{"timestamp": "20:28:59,967", "pid": 13188, "operation": "ISSUE_CREDIT_CARD_START", "details": "Emisi\u00f3n de tarjeta cr\u00e9dito para cliente c5609d2f-d331-47ed-8af5-51d2b923efe0", "status": "info"}
{"timestamp": "20:28:59,986", "pid": 13188, "operation": "ISSUE_CREDIT_CARD_SUCCESS", "details": "Tarjeta cr\u00e9dito emitida: 5256128902064850 (L\u00edmite: $50000.00)", "status": "success"}
{"timestamp": "20:29:00,165", "pid": 13188, "operation": "DEPOSIT_INITIATED", "details": "Intentando depositar $91.75 en 2579432226", "status": "info"}
{"timestamp": "20:29:00,176", "pid": 13188, "operation": "DEPOSIT_ERROR", "details": "Error inesperado en dep\u00f3sito: Transaction.__init__() got an unexpected keyword argument 'source_reference'", "status": "error"}
{"timestamp": "20:29:00,248", "pid": 13188, "operation": "TRANSACTION_HISTORY_REQUEST", "details": "Solicitando historial de 4993032382 (\u00faltimas 10 transacciones)", "status": "info"}
{"timestamp": "20:29:00,263", "pid": 13188, "operation": "CUSTOMER_OPERATION_ERROR", "details": "Error en operaci\u00f3n: 'Account' object has no attribute 'get_transactions'", "status": "error"}
{"timestamp": "20:29:00,416", "pid": 13188, "operation": "CREDIT_PAYMENT_START", "details": "Procesando pago de $30.33 a tarjeta 5256128902064850", "status": "info"}
{"timestamp": "20:29:00,427", "pid": 13188, "operation": "CREDIT_CASH_PAYMENT", "details": "Pago en efectivo registrado: $30.33", "status": "info"}
{"timestamp": "20:29:00,428", "pid": 13188, "operation": "CREDIT_PAYMENT_SUCCESS", "details": "Pago aplicado a tarjeta 5256128902064850. Nuevo saldo: $0.00", "status": "success"}
{"timestamp": "20:29:00,593", "pid": 13188, "operation": "CUSTOMER_OPERATION_ERROR", "details": "Error en operaci\u00f3n: list index out of range", "status": "error"}
{"timestamp": "20:29:00,743", "pid": 13188, "operation": "TRANSACTION_HISTORY_REQUEST", "details": "Solicitando historial de 4993032382 (\u00faltimas 10 transacciones)", "status": "info"}
{"timestamp": "20:29:00,757", "pid": 13188, "operation": "CUSTOMER_OPERATION_ERROR", "details": "Error en operaci\u00f3n: 'Account' object has no attribute 'get_transactions'", "status": "error"}
{"timestamp": "20:29:00,849", "pid": 13188, "operation": "TRANSACTION_HISTORY_REQUEST", "details": "Solicitando historial de 2579432226 (\u00faltimas 10 transacciones)", "status": "info"}
{"timestamp": "20:29:00,870", "pid": 13188, "operation": "CUSTOMER_OPERATION_ERROR", "details": "Error en operaci\u00f3n: 'Account' object has no attribute 'get_transactions'", "status": "error"}
{"timestamp": "20:29:01,095", "pid": 13188, "operation": "BALANCE_REQUEST", "details": "Solicitando saldo de 4993032382", "status": "info"}
{"timestamp": "20:29:01,116", "pid": 13188, "operation": "BALANCE_RETURNED", "details": "Saldo obtenido: $1000.00", "status": "success"}
{"timestamp": "20:29:01,302", "pid": 13188, "operation": "BALANCE_REQUEST", "details": "Solicitando saldo de 2579432226", "status": "info"}
{"timestamp": "20:29:01,314", "pid": 13188, "operation": "BALANCE_RETURNED", "details": "Saldo obtenido: $2091.75", "status": "success"}
{"timestamp": "20:29:01,379", "pid": 13188, "operation": "CREDIT_PAYMENT_START", "details": "Procesando pago de $25.22 a tarjeta 5256128902064850", "status": "info"}
{"timestamp": "20:29:01,389", "pid": 13188, "operation": "CREDIT_CASH_PAYMENT", "details": "Pago en efectivo registrado: $25.22", "status": "info"}
{"timestamp": "20:29:01,390", "pid": 13188, "operation": "CREDIT_PAYMENT_SUCCESS", "details": "Pago aplicado a tarjeta 5256128902064850. Nuevo saldo: $0.00", "status": "success"}
{"timestamp": "20:29:01,411", "pid": 13188, "operation": "BALANCE_REQUEST", "details": "Solicitando saldo de 4993032382", "status": "info"}
{"timestamp": "20:29:01,420", "pid": 13188, "operation": "BALANCE_RETURNED", "details": "Saldo obtenido: $1000.00", "status": "success"}
{"timestamp": "20:29:01,435", "pid": 13188, "operation": "WITHDRAWAL_INITIATED", "details": "Intentando retirar $45.04 de 2579432226", "status": "info"}
{"timestamp": "20:29:01,445", "pid": 13188, "operation": "WITHDRAWAL_FAILED", "details": "Cuenta no encontrada o NIP incorrecto", "status": "error"}
{"timestamp": "20:29:01,565", "pid": 13188, "operation": "TRANSACTION_HISTORY_REQUEST", "details": "Solicitando historial de 4993032382 (\u00faltimas 10 transacciones)", "status": "info"}
{"timestamp": "20:29:01,582", "pid": 13188, "operation": "CUSTOMER_OPERATION_ERROR", "details": "Error en operaci\u00f3n: 'Account' object has no attribute 'get_transactions'", "status": "error"}
{"timestamp": "20:29:01,935", "pid": 13188, "operation": "CREDIT_PAYMENT_START", "details": "Procesando pago de $24.48 a tarjeta 5256128902064850", "status": "info"}
{"timestamp": "20:29:02,025", "pid": 13188, "operation": "CREDIT_CASH_PAYMENT", "details": "Pago en efectivo registrado: $24.48", "status": "info"}
{"timestamp": "20:29:02,026", "pid": 13188, "operation": "CREDIT_PAYMENT_SUCCESS", "details": "Pago aplicado a tarjeta 5256128902064850. Nuevo saldo: $0.00", "status": "success"}
{"timestamp": "20:29:02,033", "pid": 13188, "operation": "BLOCK_CARD_START", "details": "Intentando bloquear tarjeta 4898681739116416", "status": "warning"}
{"timestamp": "20:29:02,057", "pid": 13188, "operation": "BLOCK_CARD_SUCCESS", "details": "Tarjeta 4898681739116416 bloqueada exitosamente", "status": "warning"}
{"timestamp": "20:29:02,063", "pid": 13188, "operation": "ACCOUNT_STATEMENT_REQUEST", "details": "Generando estado de cuenta para 4993032382 (\u00faltimos 30 d\u00edas)", "status": "info"}
{"timestamp": "20:29:02,073", "pid": 13188, "operation": "TRANSACTION_HISTORY_REQUEST", "details": "Solicitando historial de 4993032382 (\u00faltimas 100 transacciones)", "status": "info"}
